[2022-06-16 00:05:56] local.ERROR: Undefined array key 2 {"exception":"[object] (ErrorException(code: 0): Undefined array key 2 at /bets/rdev1/www/app/Http/Controllers/Slotlayer/EvoplayController.php:220)
[stacktrace]
#0 /bets/rdev1/www/app/Http/Controllers/Slotlayer/EvoplayController.php(220): Illuminate\\Foundation\\Bootstrap\\HandleExceptions->handleError()
#1 /bets/rdev1/www/app/Http/Controllers/Slotlayer/EvoplayController.php(58): App\\Http\\Controllers\\Slotlayer\\EvoplayController->balance()
#2 /bets/rdev1/www/vendor/laravel/framework/src/Illuminate/Routing/Controller.php(54): App\\Http\\Controllers\\Slotlayer\\EvoplayController->endpoint()
#3 /bets/rdev1/www/vendor/laravel/framework/src/Illuminate/Routing/ControllerDispatcher.php(45): Illuminate\\Routing\\Controller->callAction()
#4 /bets/rdev1/www/vendor/laravel/framework/src/Illuminate/Routing/Route.php(262): Illuminate\\Routing\\ControllerDispatcher->dispatch()
#5 /bets/rdev1/www/vendor/laravel/framework/src/Illuminate/Routing/Route.php(205): Illuminate\\Routing\\Route->runController()
#6 /bets/rdev1/www/vendor/laravel/framework/src/Illuminate/Routing/Router.php(721): Illuminate\\Routing\\Route->run()
#7 /bets/rdev1/www/vendor/laravel/framework/src/Illuminate/Pipeline/Pipeline.php(128): Illuminate\\Routing\\Router->Illuminate\\Routing\\{closure}()
#8 /bets/rdev1/www/vendor/laravel/framework/src/Illuminate/Routing/Middleware/SubstituteBindings.php(50): Illuminate\\Pipeline\\Pipeline->Illuminate\\Pipeline\\{closure}()
#9 /bets/rdev1/www/vendor/laravel/framework/src/Illuminate/Pipeline/Pipeline.php(167): Illuminate\\Routing\\Middleware\\SubstituteBindings->handle()
#10 /bets/rdev1/www/vendor/laravel/framework/src/Illuminate/Routing/Middleware/ThrottleRequests.php(127): Illuminate\\Pipeline\\Pipeline->Illuminate\\Pipeline\\{closure}()
#11 /bets/rdev1/www/vendor/laravel/framework/src/Illuminate/Routing/Middleware/ThrottleRequests.php(103): Illuminate\\Routing\\Middleware\\ThrottleRequests->handleRequest()
#12 /bets/rdev1/www/vendor/laravel/framework/src/Illuminate/Routing/Middleware/ThrottleRequests.php(55): Illuminate\\Routing\\Middleware\\ThrottleRequests->handleRequestUsingNamedLimiter()
#13 /bets/rdev1/www/vendor/laravel/framework/src/Illuminate/Pipeline/Pipeline.php(167): Illuminate\\Routing\\Middleware\\ThrottleRequests->handle()
#14 /bets/rdev1/www/vendor/specialtactics/l5-api/src/Http/Middleware/SnakeCaseInputParameterKeys.php(52): Illuminate\\Pipeline\\Pipeline->Illuminate\\Pipeline\\{closure}()
#15 /bets/rdev1/www/vendor/laravel/framework/src/Illuminate/Pipeline/Pipeline.php(167): Specialtactics\\L5Api\\Http\\Middleware\\SnakeCaseInputParameterKeys->handle()
#16 /bets/rdev1/www/vendor/api-ecosystem-for-laravel/dingo-api/src/Http/Middleware/PrepareController.php(43): Illuminate\\Pipeline\\Pipeline->Illuminate\\Pipeline\\{closure}()
#17 /bets/rdev1/www/vendor/laravel/framework/src/Illuminate/Pipeline/Pipeline.php(167): Dingo\\Api\\Http\\Middleware\\PrepareController->handle()
#18 /bets/rdev1/www/vendor/laravel/framework/src/Illuminate/Pipeline/Pipeline.php(103): Illuminate\\Pipeline\\Pipeline->Illuminate\\Pipeline\\{closure}()
#19 /bets/rdev1/www/vendor/laravel/framework/src/Illuminate/Routing/Router.php(723): Illuminate\\Pipeline\\Pipeline->then()
#20 /bets/rdev1/www/vendor/laravel/framework/src/Illuminate/Routing/Router.php(698): Illuminate\\Routing\\Router->runRouteWithinStack()
#21 /bets/rdev1/www/vendor/laravel/framework/src/Illuminate/Routing/Router.php(662): Illuminate\\Routing\\Router->runRoute()
#22 /bets/rdev1/www/vendor/laravel/framework/src/Illuminate/Routing/Router.php(651): Illuminate\\Routing\\Router->dispatchToRoute()
#23 /bets/rdev1/www/vendor/api-ecosystem-for-laravel/dingo-api/src/Routing/Adapter/Laravel.php(86): Illuminate\\Routing\\Router->dispatch()
#24 /bets/rdev1/www/vendor/api-ecosystem-for-laravel/dingo-api/src/Routing/Router.php(496): Dingo\\Api\\Routing\\Adapter\\Laravel->dispatch()
#25 /bets/rdev1/www/vendor/api-ecosystem-for-laravel/dingo-api/src/Http/Middleware/Request.php(123): Dingo\\Api\\Routing\\Router->dispatch()
#26 /bets/rdev1/www/vendor/laravel/framework/src/Illuminate/Pipeline/Pipeline.php(128): Dingo\\Api\\Http\\Middleware\\Request->Dingo\\Api\\Http\\Middleware\\{closure}()
#27 /bets/rdev1/www/vendor/laravel/framework/src/Illuminate/Foundation/Http/Middleware/TransformsRequest.php(21): Illuminate\\Pipeline\\Pipeline->Illuminate\\Pipeline\\{closure}()
#28 /bets/rdev1/www/vendor/laravel/framework/src/Illuminate/Foundation/Http/Middleware/ConvertEmptyStringsToNull.php(31): Illuminate\\Foundation\\Http\\Middleware\\TransformsRequest->handle()
#29 /bets/rdev1/www/vendor/laravel/framework/src/Illuminate/Pipeline/Pipeline.php(167): Illuminate\\Foundation\\Http\\Middleware\\ConvertEmptyStringsToNull->handle()
#30 /bets/rdev1/www/vendor/laravel/framework/src/Illuminate/Foundation/Http/Middleware/TransformsRequest.php(21): Illuminate\\Pipeline\\Pipeline->Illuminate\\Pipeline\\{closure}()
#31 /bets/rdev1/www/vendor/laravel/framework/src/Illuminate/Foundation/Http/Middleware/TrimStrings.php(40): Illuminate\\Foundation\\Http\\Middleware\\TransformsRequest->handle()
#32 /bets/rdev1/www/vendor/laravel/framework/src/Illuminate/Pipeline/Pipeline.php(167): Illuminate\\Foundation\\Http\\Middleware\\TrimStrings->handle()
#33 /bets/rdev1/www/vendor/laravel/framework/src/Illuminate/Foundation/Http/Middleware/ValidatePostSize.php(27): Illuminate\\Pipeline\\Pipeline->Illuminate\\Pipeline\\{closure}()
#34 /bets/rdev1/www/vendor/laravel/framework/src/Illuminate/Pipeline/Pipeline.php(167): Illuminate\\Foundation\\Http\\Middleware\\ValidatePostSize->handle()
#35 /bets/rdev1/www/vendor/laravel/framework/src/Illuminate/Foundation/Http/Middleware/PreventRequestsDuringMaintenance.php(86): Illuminate\\Pipeline\\Pipeline->Illuminate\\Pipeline\\{closure}()
#36 /bets/rdev1/www/vendor/laravel/framework/src/Illuminate/Pipeline/Pipeline.php(167): Illuminate\\Foundation\\Http\\Middleware\\PreventRequestsDuringMaintenance->handle()
#37 /bets/rdev1/www/vendor/fruitcake/laravel-cors/src/HandleCors.php(52): Illuminate\\Pipeline\\Pipeline->Illuminate\\Pipeline\\{closure}()
#38 /bets/rdev1/www/vendor/laravel/framework/src/Illuminate/Pipeline/Pipeline.php(167): Fruitcake\\Cors\\HandleCors->handle()
#39 /bets/rdev1/www/vendor/fideloper/proxy/src/TrustProxies.php(57): Illuminate\\Pipeline\\Pipeline->Illuminate\\Pipeline\\{closure}()
#40 /bets/rdev1/www/vendor/laravel/framework/src/Illuminate/Pipeline/Pipeline.php(167): Fideloper\\Proxy\\TrustProxies->handle()
#41 /bets/rdev1/www/vendor/laravel/framework/src/Illuminate/Pipeline/Pipeline.php(103): Illuminate\\Pipeline\\Pipeline->Illuminate\\Pipeline\\{closure}()
#42 /bets/rdev1/www/vendor/api-ecosystem-for-laravel/dingo-api/src/Http/Middleware/Request.php(124): Illuminate\\Pipeline\\Pipeline->then()
#43 /bets/rdev1/www/vendor/api-ecosystem-for-laravel/dingo-api/src/Http/Middleware/Request.php(101): Dingo\\Api\\Http\\Middleware\\Request->sendRequestThroughRouter()
#44 /bets/rdev1/www/vendor/laravel/framework/src/Illuminate/Pipeline/Pipeline.php(167): Dingo\\Api\\Http\\Middleware\\Request->handle()
#45 /bets/rdev1/www/vendor/laravel/framework/src/Illuminate/Pipeline/Pipeline.php(103): Illuminate\\Pipeline\\Pipeline->Illuminate\\Pipeline\\{closure}()
#46 /bets/rdev1/www/vendor/laravel/framework/src/Illuminate/Foundation/Http/Kernel.php(142): Illuminate\\Pipeline\\Pipeline->then()
#47 /bets/rdev1/www/vendor/laravel/framework/src/Illuminate/Foundation/Http/Kernel.php(111): Illuminate\\Foundation\\Http\\Kernel->sendRequestThroughRouter()
#48 /bets/rdev1/www/public/index.php(52): Illuminate\\Foundation\\Http\\Kernel->handle()
#49 {main}
"} 
[2022-06-16 00:05:57] local.ERROR: Undefined array key 2 {"exception":"[object] (ErrorException(code: 0): Undefined array key 2 at /bets/rdev1/www/app/Http/Controllers/Slotlayer/EvoplayController.php:220)
[stacktrace]
#0 /bets/rdev1/www/app/Http/Controllers/Slotlayer/EvoplayController.php(220): Illuminate\\Foundation\\Bootstrap\\HandleExceptions->handleError()
#1 /bets/rdev1/www/app/Http/Controllers/Slotlayer/EvoplayController.php(58): App\\Http\\Controllers\\Slotlayer\\EvoplayController->balance()
#2 /bets/rdev1/www/vendor/laravel/framework/src/Illuminate/Routing/Controller.php(54): App\\Http\\Controllers\\Slotlayer\\EvoplayController->endpoint()
#3 /bets/rdev1/www/vendor/laravel/framework/src/Illuminate/Routing/ControllerDispatcher.php(45): Illuminate\\Routing\\Controller->callAction()
#4 /bets/rdev1/www/vendor/laravel/framework/src/Illuminate/Routing/Route.php(262): Illuminate\\Routing\\ControllerDispatcher->dispatch()
#5 /bets/rdev1/www/vendor/laravel/framework/src/Illuminate/Routing/Route.php(205): Illuminate\\Routing\\Route->runController()
#6 /bets/rdev1/www/vendor/laravel/framework/src/Illuminate/Routing/Router.php(721): Illuminate\\Routing\\Route->run()
#7 /bets/rdev1/www/vendor/laravel/framework/src/Illuminate/Pipeline/Pipeline.php(128): Illuminate\\Routing\\Router->Illuminate\\Routing\\{closure}()
#8 /bets/rdev1/www/vendor/laravel/framework/src/Illuminate/Routing/Middleware/SubstituteBindings.php(50): Illuminate\\Pipeline\\Pipeline->Illuminate\\Pipeline\\{closure}()
#9 /bets/rdev1/www/vendor/laravel/framework/src/Illuminate/Pipeline/Pipeline.php(167): Illuminate\\Routing\\Middleware\\SubstituteBindings->handle()
#10 /bets/rdev1/www/vendor/laravel/framework/src/Illuminate/Routing/Middleware/ThrottleRequests.php(127): Illuminate\\Pipeline\\Pipeline->Illuminate\\Pipeline\\{closure}()
#11 /bets/rdev1/www/vendor/laravel/framework/src/Illuminate/Routing/Middleware/ThrottleRequests.php(103): Illuminate\\Routing\\Middleware\\ThrottleRequests->handleRequest()
#12 /bets/rdev1/www/vendor/laravel/framework/src/Illuminate/Routing/Middleware/ThrottleRequests.php(55): Illuminate\\Routing\\Middleware\\ThrottleRequests->handleRequestUsingNamedLimiter()
#13 /bets/rdev1/www/vendor/laravel/framework/src/Illuminate/Pipeline/Pipeline.php(167): Illuminate\\Routing\\Middleware\\ThrottleRequests->handle()
#14 /bets/rdev1/www/vendor/specialtactics/l5-api/src/Http/Middleware/SnakeCaseInputParameterKeys.php(52): Illuminate\\Pipeline\\Pipeline->Illuminate\\Pipeline\\{closure}()
#15 /bets/rdev1/www/vendor/laravel/framework/src/Illuminate/Pipeline/Pipeline.php(167): Specialtactics\\L5Api\\Http\\Middleware\\SnakeCaseInputParameterKeys->handle()
#16 /bets/rdev1/www/vendor/api-ecosystem-for-laravel/dingo-api/src/Http/Middleware/PrepareController.php(43): Illuminate\\Pipeline\\Pipeline->Illuminate\\Pipeline\\{closure}()
#17 /bets/rdev1/www/vendor/laravel/framework/src/Illuminate/Pipeline/Pipeline.php(167): Dingo\\Api\\Http\\Middleware\\PrepareController->handle()
#18 /bets/rdev1/www/vendor/laravel/framework/src/Illuminate/Pipeline/Pipeline.php(103): Illuminate\\Pipeline\\Pipeline->Illuminate\\Pipeline\\{closure}()
#19 /bets/rdev1/www/vendor/laravel/framework/src/Illuminate/Routing/Router.php(723): Illuminate\\Pipeline\\Pipeline->then()
#20 /bets/rdev1/www/vendor/laravel/framework/src/Illuminate/Routing/Router.php(698): Illuminate\\Routing\\Router->runRouteWithinStack()
#21 /bets/rdev1/www/vendor/laravel/framework/src/Illuminate/Routing/Router.php(662): Illuminate\\Routing\\Router->runRoute()
#22 /bets/rdev1/www/vendor/laravel/framework/src/Illuminate/Routing/Router.php(651): Illuminate\\Routing\\Router->dispatchToRoute()
#23 /bets/rdev1/www/vendor/api-ecosystem-for-laravel/dingo-api/src/Routing/Adapter/Laravel.php(86): Illuminate\\Routing\\Router->dispatch()
#24 /bets/rdev1/www/vendor/api-ecosystem-for-laravel/dingo-api/src/Routing/Router.php(496): Dingo\\Api\\Routing\\Adapter\\Laravel->dispatch()
#25 /bets/rdev1/www/vendor/api-ecosystem-for-laravel/dingo-api/src/Http/Middleware/Request.php(123): Dingo\\Api\\Routing\\Router->dispatch()
#26 /bets/rdev1/www/vendor/laravel/framework/src/Illuminate/Pipeline/Pipeline.php(128): Dingo\\Api\\Http\\Middleware\\Request->Dingo\\Api\\Http\\Middleware\\{closure}()
#27 /bets/rdev1/www/vendor/laravel/framework/src/Illuminate/Foundation/Http/Middleware/TransformsRequest.php(21): Illuminate\\Pipeline\\Pipeline->Illuminate\\Pipeline\\{closure}()
#28 /bets/rdev1/www/vendor/laravel/framework/src/Illuminate/Foundation/Http/Middleware/ConvertEmptyStringsToNull.php(31): Illuminate\\Foundation\\Http\\Middleware\\TransformsRequest->handle()
#29 /bets/rdev1/www/vendor/laravel/framework/src/Illuminate/Pipeline/Pipeline.php(167): Illuminate\\Foundation\\Http\\Middleware\\ConvertEmptyStringsToNull->handle()
#30 /bets/rdev1/www/vendor/laravel/framework/src/Illuminate/Foundation/Http/Middleware/TransformsRequest.php(21): Illuminate\\Pipeline\\Pipeline->Illuminate\\Pipeline\\{closure}()
#31 /bets/rdev1/www/vendor/laravel/framework/src/Illuminate/Foundation/Http/Middleware/TrimStrings.php(40): Illuminate\\Foundation\\Http\\Middleware\\TransformsRequest->handle()
#32 /bets/rdev1/www/vendor/laravel/framework/src/Illuminate/Pipeline/Pipeline.php(167): Illuminate\\Foundation\\Http\\Middleware\\TrimStrings->handle()
#33 /bets/rdev1/www/vendor/laravel/framework/src/Illuminate/Foundation/Http/Middleware/ValidatePostSize.php(27): Illuminate\\Pipeline\\Pipeline->Illuminate\\Pipeline\\{closure}()
#34 /bets/rdev1/www/vendor/laravel/framework/src/Illuminate/Pipeline/Pipeline.php(167): Illuminate\\Foundation\\Http\\Middleware\\ValidatePostSize->handle()
#35 /bets/rdev1/www/vendor/laravel/framework/src/Illuminate/Foundation/Http/Middleware/PreventRequestsDuringMaintenance.php(86): Illuminate\\Pipeline\\Pipeline->Illuminate\\Pipeline\\{closure}()
#36 /bets/rdev1/www/vendor/laravel/framework/src/Illuminate/Pipeline/Pipeline.php(167): Illuminate\\Foundation\\Http\\Middleware\\PreventRequestsDuringMaintenance->handle()
#37 /bets/rdev1/www/vendor/fruitcake/laravel-cors/src/HandleCors.php(52): Illuminate\\Pipeline\\Pipeline->Illuminate\\Pipeline\\{closure}()
#38 /bets/rdev1/www/vendor/laravel/framework/src/Illuminate/Pipeline/Pipeline.php(167): Fruitcake\\Cors\\HandleCors->handle()
#39 /bets/rdev1/www/vendor/fideloper/proxy/src/TrustProxies.php(57): Illuminate\\Pipeline\\Pipeline->Illuminate\\Pipeline\\{closure}()
#40 /bets/rdev1/www/vendor/laravel/framework/src/Illuminate/Pipeline/Pipeline.php(167): Fideloper\\Proxy\\TrustProxies->handle()
#41 /bets/rdev1/www/vendor/laravel/framework/src/Illuminate/Pipeline/Pipeline.php(103): Illuminate\\Pipeline\\Pipeline->Illuminate\\Pipeline\\{closure}()
#42 /bets/rdev1/www/vendor/api-ecosystem-for-laravel/dingo-api/src/Http/Middleware/Request.php(124): Illuminate\\Pipeline\\Pipeline->then()
#43 /bets/rdev1/www/vendor/api-ecosystem-for-laravel/dingo-api/src/Http/Middleware/Request.php(101): Dingo\\Api\\Http\\Middleware\\Request->sendRequestThroughRouter()
#44 /bets/rdev1/www/vendor/laravel/framework/src/Illuminate/Pipeline/Pipeline.php(167): Dingo\\Api\\Http\\Middleware\\Request->handle()
#45 /bets/rdev1/www/vendor/laravel/framework/src/Illuminate/Pipeline/Pipeline.php(103): Illuminate\\Pipeline\\Pipeline->Illuminate\\Pipeline\\{closure}()
#46 /bets/rdev1/www/vendor/laravel/framework/src/Illuminate/Foundation/Http/Kernel.php(142): Illuminate\\Pipeline\\Pipeline->then()
#47 /bets/rdev1/www/vendor/laravel/framework/src/Illuminate/Foundation/Http/Kernel.php(111): Illuminate\\Foundation\\Http\\Kernel->sendRequestThroughRouter()
#48 /bets/rdev1/www/public/index.php(52): Illuminate\\Foundation\\Http\\Kernel->handle()
#49 {main}
"} 
[2022-06-16 00:05:58] local.ERROR: Undefined array key 2 {"exception":"[object] (ErrorException(code: 0): Undefined array key 2 at /bets/rdev1/www/app/Http/Controllers/Slotlayer/EvoplayController.php:220)
[stacktrace]
#0 /bets/rdev1/www/app/Http/Controllers/Slotlayer/EvoplayController.php(220): Illuminate\\Foundation\\Bootstrap\\HandleExceptions->handleError()
#1 /bets/rdev1/www/app/Http/Controllers/Slotlayer/EvoplayController.php(58): App\\Http\\Controllers\\Slotlayer\\EvoplayController->balance()
#2 /bets/rdev1/www/vendor/laravel/framework/src/Illuminate/Routing/Controller.php(54): App\\Http\\Controllers\\Slotlayer\\EvoplayController->endpoint()
#3 /bets/rdev1/www/vendor/laravel/framework/src/Illuminate/Routing/ControllerDispatcher.php(45): Illuminate\\Routing\\Controller->callAction()
#4 /bets/rdev1/www/vendor/laravel/framework/src/Illuminate/Routing/Route.php(262): Illuminate\\Routing\\ControllerDispatcher->dispatch()
#5 /bets/rdev1/www/vendor/laravel/framework/src/Illuminate/Routing/Route.php(205): Illuminate\\Routing\\Route->runController()
#6 /bets/rdev1/www/vendor/laravel/framework/src/Illuminate/Routing/Router.php(721): Illuminate\\Routing\\Route->run()
#7 /bets/rdev1/www/vendor/laravel/framework/src/Illuminate/Pipeline/Pipeline.php(128): Illuminate\\Routing\\Router->Illuminate\\Routing\\{closure}()
#8 /bets/rdev1/www/vendor/laravel/framework/src/Illuminate/Routing/Middleware/SubstituteBindings.php(50): Illuminate\\Pipeline\\Pipeline->Illuminate\\Pipeline\\{closure}()
#9 /bets/rdev1/www/vendor/laravel/framework/src/Illuminate/Pipeline/Pipeline.php(167): Illuminate\\Routing\\Middleware\\SubstituteBindings->handle()
#10 /bets/rdev1/www/vendor/laravel/framework/src/Illuminate/Routing/Middleware/ThrottleRequests.php(127): Illuminate\\Pipeline\\Pipeline->Illuminate\\Pipeline\\{closure}()
#11 /bets/rdev1/www/vendor/laravel/framework/src/Illuminate/Routing/Middleware/ThrottleRequests.php(103): Illuminate\\Routing\\Middleware\\ThrottleRequests->handleRequest()
#12 /bets/rdev1/www/vendor/laravel/framework/src/Illuminate/Routing/Middleware/ThrottleRequests.php(55): Illuminate\\Routing\\Middleware\\ThrottleRequests->handleRequestUsingNamedLimiter()
#13 /bets/rdev1/www/vendor/laravel/framework/src/Illuminate/Pipeline/Pipeline.php(167): Illuminate\\Routing\\Middleware\\ThrottleRequests->handle()
#14 /bets/rdev1/www/vendor/specialtactics/l5-api/src/Http/Middleware/SnakeCaseInputParameterKeys.php(52): Illuminate\\Pipeline\\Pipeline->Illuminate\\Pipeline\\{closure}()
#15 /bets/rdev1/www/vendor/laravel/framework/src/Illuminate/Pipeline/Pipeline.php(167): Specialtactics\\L5Api\\Http\\Middleware\\SnakeCaseInputParameterKeys->handle()
#16 /bets/rdev1/www/vendor/api-ecosystem-for-laravel/dingo-api/src/Http/Middleware/PrepareController.php(43): Illuminate\\Pipeline\\Pipeline->Illuminate\\Pipeline\\{closure}()
#17 /bets/rdev1/www/vendor/laravel/framework/src/Illuminate/Pipeline/Pipeline.php(167): Dingo\\Api\\Http\\Middleware\\PrepareController->handle()
#18 /bets/rdev1/www/vendor/laravel/framework/src/Illuminate/Pipeline/Pipeline.php(103): Illuminate\\Pipeline\\Pipeline->Illuminate\\Pipeline\\{closure}()
#19 /bets/rdev1/www/vendor/laravel/framework/src/Illuminate/Routing/Router.php(723): Illuminate\\Pipeline\\Pipeline->then()
#20 /bets/rdev1/www/vendor/laravel/framework/src/Illuminate/Routing/Router.php(698): Illuminate\\Routing\\Router->runRouteWithinStack()
#21 /bets/rdev1/www/vendor/laravel/framework/src/Illuminate/Routing/Router.php(662): Illuminate\\Routing\\Router->runRoute()
#22 /bets/rdev1/www/vendor/laravel/framework/src/Illuminate/Routing/Router.php(651): Illuminate\\Routing\\Router->dispatchToRoute()
#23 /bets/rdev1/www/vendor/api-ecosystem-for-laravel/dingo-api/src/Routing/Adapter/Laravel.php(86): Illuminate\\Routing\\Router->dispatch()
#24 /bets/rdev1/www/vendor/api-ecosystem-for-laravel/dingo-api/src/Routing/Router.php(496): Dingo\\Api\\Routing\\Adapter\\Laravel->dispatch()
#25 /bets/rdev1/www/vendor/api-ecosystem-for-laravel/dingo-api/src/Http/Middleware/Request.php(123): Dingo\\Api\\Routing\\Router->dispatch()
#26 /bets/rdev1/www/vendor/laravel/framework/src/Illuminate/Pipeline/Pipeline.php(128): Dingo\\Api\\Http\\Middleware\\Request->Dingo\\Api\\Http\\Middleware\\{closure}()
#27 /bets/rdev1/www/vendor/laravel/framework/src/Illuminate/Foundation/Http/Middleware/TransformsRequest.php(21): Illuminate\\Pipeline\\Pipeline->Illuminate\\Pipeline\\{closure}()
#28 /bets/rdev1/www/vendor/laravel/framework/src/Illuminate/Foundation/Http/Middleware/ConvertEmptyStringsToNull.php(31): Illuminate\\Foundation\\Http\\Middleware\\TransformsRequest->handle()
#29 /bets/rdev1/www/vendor/laravel/framework/src/Illuminate/Pipeline/Pipeline.php(167): Illuminate\\Foundation\\Http\\Middleware\\ConvertEmptyStringsToNull->handle()
#30 /bets/rdev1/www/vendor/laravel/framework/src/Illuminate/Foundation/Http/Middleware/TransformsRequest.php(21): Illuminate\\Pipeline\\Pipeline->Illuminate\\Pipeline\\{closure}()
#31 /bets/rdev1/www/vendor/laravel/framework/src/Illuminate/Foundation/Http/Middleware/TrimStrings.php(40): Illuminate\\Foundation\\Http\\Middleware\\TransformsRequest->handle()
#32 /bets/rdev1/www/vendor/laravel/framework/src/Illuminate/Pipeline/Pipeline.php(167): Illuminate\\Foundation\\Http\\Middleware\\TrimStrings->handle()
#33 /bets/rdev1/www/vendor/laravel/framework/src/Illuminate/Foundation/Http/Middleware/ValidatePostSize.php(27): Illuminate\\Pipeline\\Pipeline->Illuminate\\Pipeline\\{closure}()
#34 /bets/rdev1/www/vendor/laravel/framework/src/Illuminate/Pipeline/Pipeline.php(167): Illuminate\\Foundation\\Http\\Middleware\\ValidatePostSize->handle()
#35 /bets/rdev1/www/vendor/laravel/framework/src/Illuminate/Foundation/Http/Middleware/PreventRequestsDuringMaintenance.php(86): Illuminate\\Pipeline\\Pipeline->Illuminate\\Pipeline\\{closure}()
#36 /bets/rdev1/www/vendor/laravel/framework/src/Illuminate/Pipeline/Pipeline.php(167): Illuminate\\Foundation\\Http\\Middleware\\PreventRequestsDuringMaintenance->handle()
#37 /bets/rdev1/www/vendor/fruitcake/laravel-cors/src/HandleCors.php(52): Illuminate\\Pipeline\\Pipeline->Illuminate\\Pipeline\\{closure}()
#38 /bets/rdev1/www/vendor/laravel/framework/src/Illuminate/Pipeline/Pipeline.php(167): Fruitcake\\Cors\\HandleCors->handle()
#39 /bets/rdev1/www/vendor/fideloper/proxy/src/TrustProxies.php(57): Illuminate\\Pipeline\\Pipeline->Illuminate\\Pipeline\\{closure}()
#40 /bets/rdev1/www/vendor/laravel/framework/src/Illuminate/Pipeline/Pipeline.php(167): Fideloper\\Proxy\\TrustProxies->handle()
#41 /bets/rdev1/www/vendor/laravel/framework/src/Illuminate/Pipeline/Pipeline.php(103): Illuminate\\Pipeline\\Pipeline->Illuminate\\Pipeline\\{closure}()
#42 /bets/rdev1/www/vendor/api-ecosystem-for-laravel/dingo-api/src/Http/Middleware/Request.php(124): Illuminate\\Pipeline\\Pipeline->then()
#43 /bets/rdev1/www/vendor/api-ecosystem-for-laravel/dingo-api/src/Http/Middleware/Request.php(101): Dingo\\Api\\Http\\Middleware\\Request->sendRequestThroughRouter()
#44 /bets/rdev1/www/vendor/laravel/framework/src/Illuminate/Pipeline/Pipeline.php(167): Dingo\\Api\\Http\\Middleware\\Request->handle()
#45 /bets/rdev1/www/vendor/laravel/framework/src/Illuminate/Pipeline/Pipeline.php(103): Illuminate\\Pipeline\\Pipeline->Illuminate\\Pipeline\\{closure}()
#46 /bets/rdev1/www/vendor/laravel/framework/src/Illuminate/Foundation/Http/Kernel.php(142): Illuminate\\Pipeline\\Pipeline->then()
#47 /bets/rdev1/www/vendor/laravel/framework/src/Illuminate/Foundation/Http/Kernel.php(111): Illuminate\\Foundation\\Http\\Kernel->sendRequestThroughRouter()
#48 /bets/rdev1/www/public/index.php(52): Illuminate\\Foundation\\Http\\Kernel->handle()
#49 {main}
"} 
[2022-06-16 00:11:53] local.ERROR: Undefined array key 2 {"exception":"[object] (ErrorException(code: 0): Undefined array key 2 at /bets/rdev1/www/app/Http/Controllers/Slotlayer/EvoplayController.php:116)
[stacktrace]
#0 /bets/rdev1/www/app/Http/Controllers/Slotlayer/EvoplayController.php(116): Illuminate\\Foundation\\Bootstrap\\HandleExceptions->handleError()
#1 /bets/rdev1/www/app/Http/Controllers/Slotlayer/EvoplayController.php(58): App\\Http\\Controllers\\Slotlayer\\EvoplayController->balance()
#2 /bets/rdev1/www/vendor/laravel/framework/src/Illuminate/Routing/Controller.php(54): App\\Http\\Controllers\\Slotlayer\\EvoplayController->endpoint()
#3 /bets/rdev1/www/vendor/laravel/framework/src/Illuminate/Routing/ControllerDispatcher.php(45): Illuminate\\Routing\\Controller->callAction()
#4 /bets/rdev1/www/vendor/laravel/framework/src/Illuminate/Routing/Route.php(262): Illuminate\\Routing\\ControllerDispatcher->dispatch()
#5 /bets/rdev1/www/vendor/laravel/framework/src/Illuminate/Routing/Route.php(205): Illuminate\\Routing\\Route->runController()
#6 /bets/rdev1/www/vendor/laravel/framework/src/Illuminate/Routing/Router.php(721): Illuminate\\Routing\\Route->run()
#7 /bets/rdev1/www/vendor/laravel/framework/src/Illuminate/Pipeline/Pipeline.php(128): Illuminate\\Routing\\Router->Illuminate\\Routing\\{closure}()
#8 /bets/rdev1/www/vendor/laravel/framework/src/Illuminate/Routing/Middleware/SubstituteBindings.php(50): Illuminate\\Pipeline\\Pipeline->Illuminate\\Pipeline\\{closure}()
#9 /bets/rdev1/www/vendor/laravel/framework/src/Illuminate/Pipeline/Pipeline.php(167): Illuminate\\Routing\\Middleware\\SubstituteBindings->handle()
#10 /bets/rdev1/www/vendor/laravel/framework/src/Illuminate/Routing/Middleware/ThrottleRequests.php(127): Illuminate\\Pipeline\\Pipeline->Illuminate\\Pipeline\\{closure}()
#11 /bets/rdev1/www/vendor/laravel/framework/src/Illuminate/Routing/Middleware/ThrottleRequests.php(103): Illuminate\\Routing\\Middleware\\ThrottleRequests->handleRequest()
#12 /bets/rdev1/www/vendor/laravel/framework/src/Illuminate/Routing/Middleware/ThrottleRequests.php(55): Illuminate\\Routing\\Middleware\\ThrottleRequests->handleRequestUsingNamedLimiter()
#13 /bets/rdev1/www/vendor/laravel/framework/src/Illuminate/Pipeline/Pipeline.php(167): Illuminate\\Routing\\Middleware\\ThrottleRequests->handle()
#14 /bets/rdev1/www/vendor/specialtactics/l5-api/src/Http/Middleware/SnakeCaseInputParameterKeys.php(52): Illuminate\\Pipeline\\Pipeline->Illuminate\\Pipeline\\{closure}()
#15 /bets/rdev1/www/vendor/laravel/framework/src/Illuminate/Pipeline/Pipeline.php(167): Specialtactics\\L5Api\\Http\\Middleware\\SnakeCaseInputParameterKeys->handle()
#16 /bets/rdev1/www/vendor/api-ecosystem-for-laravel/dingo-api/src/Http/Middleware/PrepareController.php(43): Illuminate\\Pipeline\\Pipeline->Illuminate\\Pipeline\\{closure}()
#17 /bets/rdev1/www/vendor/laravel/framework/src/Illuminate/Pipeline/Pipeline.php(167): Dingo\\Api\\Http\\Middleware\\PrepareController->handle()
#18 /bets/rdev1/www/vendor/laravel/framework/src/Illuminate/Pipeline/Pipeline.php(103): Illuminate\\Pipeline\\Pipeline->Illuminate\\Pipeline\\{closure}()
#19 /bets/rdev1/www/vendor/laravel/framework/src/Illuminate/Routing/Router.php(723): Illuminate\\Pipeline\\Pipeline->then()
#20 /bets/rdev1/www/vendor/laravel/framework/src/Illuminate/Routing/Router.php(698): Illuminate\\Routing\\Router->runRouteWithinStack()
#21 /bets/rdev1/www/vendor/laravel/framework/src/Illuminate/Routing/Router.php(662): Illuminate\\Routing\\Router->runRoute()
#22 /bets/rdev1/www/vendor/laravel/framework/src/Illuminate/Routing/Router.php(651): Illuminate\\Routing\\Router->dispatchToRoute()
#23 /bets/rdev1/www/vendor/api-ecosystem-for-laravel/dingo-api/src/Routing/Adapter/Laravel.php(86): Illuminate\\Routing\\Router->dispatch()
#24 /bets/rdev1/www/vendor/api-ecosystem-for-laravel/dingo-api/src/Routing/Router.php(496): Dingo\\Api\\Routing\\Adapter\\Laravel->dispatch()
#25 /bets/rdev1/www/vendor/api-ecosystem-for-laravel/dingo-api/src/Http/Middleware/Request.php(123): Dingo\\Api\\Routing\\Router->dispatch()
#26 /bets/rdev1/www/vendor/laravel/framework/src/Illuminate/Pipeline/Pipeline.php(128): Dingo\\Api\\Http\\Middleware\\Request->Dingo\\Api\\Http\\Middleware\\{closure}()
#27 /bets/rdev1/www/vendor/laravel/framework/src/Illuminate/Foundation/Http/Middleware/TransformsRequest.php(21): Illuminate\\Pipeline\\Pipeline->Illuminate\\Pipeline\\{closure}()
#28 /bets/rdev1/www/vendor/laravel/framework/src/Illuminate/Foundation/Http/Middleware/ConvertEmptyStringsToNull.php(31): Illuminate\\Foundation\\Http\\Middleware\\TransformsRequest->handle()
#29 /bets/rdev1/www/vendor/laravel/framework/src/Illuminate/Pipeline/Pipeline.php(167): Illuminate\\Foundation\\Http\\Middleware\\ConvertEmptyStringsToNull->handle()
#30 /bets/rdev1/www/vendor/laravel/framework/src/Illuminate/Foundation/Http/Middleware/TransformsRequest.php(21): Illuminate\\Pipeline\\Pipeline->Illuminate\\Pipeline\\{closure}()
#31 /bets/rdev1/www/vendor/laravel/framework/src/Illuminate/Foundation/Http/Middleware/TrimStrings.php(40): Illuminate\\Foundation\\Http\\Middleware\\TransformsRequest->handle()
#32 /bets/rdev1/www/vendor/laravel/framework/src/Illuminate/Pipeline/Pipeline.php(167): Illuminate\\Foundation\\Http\\Middleware\\TrimStrings->handle()
#33 /bets/rdev1/www/vendor/laravel/framework/src/Illuminate/Foundation/Http/Middleware/ValidatePostSize.php(27): Illuminate\\Pipeline\\Pipeline->Illuminate\\Pipeline\\{closure}()
#34 /bets/rdev1/www/vendor/laravel/framework/src/Illuminate/Pipeline/Pipeline.php(167): Illuminate\\Foundation\\Http\\Middleware\\ValidatePostSize->handle()
#35 /bets/rdev1/www/vendor/laravel/framework/src/Illuminate/Foundation/Http/Middleware/PreventRequestsDuringMaintenance.php(86): Illuminate\\Pipeline\\Pipeline->Illuminate\\Pipeline\\{closure}()
#36 /bets/rdev1/www/vendor/laravel/framework/src/Illuminate/Pipeline/Pipeline.php(167): Illuminate\\Foundation\\Http\\Middleware\\PreventRequestsDuringMaintenance->handle()
#37 /bets/rdev1/www/vendor/fruitcake/laravel-cors/src/HandleCors.php(52): Illuminate\\Pipeline\\Pipeline->Illuminate\\Pipeline\\{closure}()
#38 /bets/rdev1/www/vendor/laravel/framework/src/Illuminate/Pipeline/Pipeline.php(167): Fruitcake\\Cors\\HandleCors->handle()
#39 /bets/rdev1/www/vendor/fideloper/proxy/src/TrustProxies.php(57): Illuminate\\Pipeline\\Pipeline->Illuminate\\Pipeline\\{closure}()
#40 /bets/rdev1/www/vendor/laravel/framework/src/Illuminate/Pipeline/Pipeline.php(167): Fideloper\\Proxy\\TrustProxies->handle()
#41 /bets/rdev1/www/vendor/laravel/framework/src/Illuminate/Pipeline/Pipeline.php(103): Illuminate\\Pipeline\\Pipeline->Illuminate\\Pipeline\\{closure}()
#42 /bets/rdev1/www/vendor/api-ecosystem-for-laravel/dingo-api/src/Http/Middleware/Request.php(124): Illuminate\\Pipeline\\Pipeline->then()
#43 /bets/rdev1/www/vendor/api-ecosystem-for-laravel/dingo-api/src/Http/Middleware/Request.php(101): Dingo\\Api\\Http\\Middleware\\Request->sendRequestThroughRouter()
#44 /bets/rdev1/www/vendor/laravel/framework/src/Illuminate/Pipeline/Pipeline.php(167): Dingo\\Api\\Http\\Middleware\\Request->handle()
#45 /bets/rdev1/www/vendor/laravel/framework/src/Illuminate/Pipeline/Pipeline.php(103): Illuminate\\Pipeline\\Pipeline->Illuminate\\Pipeline\\{closure}()
#46 /bets/rdev1/www/vendor/laravel/framework/src/Illuminate/Foundation/Http/Kernel.php(142): Illuminate\\Pipeline\\Pipeline->then()
#47 /bets/rdev1/www/vendor/laravel/framework/src/Illuminate/Foundation/Http/Kernel.php(111): Illuminate\\Foundation\\Http\\Kernel->sendRequestThroughRouter()
#48 /bets/rdev1/www/public/index.php(52): Illuminate\\Foundation\\Http\\Kernel->handle()
#49 {main}
"} 
[2022-06-16 00:14:25] local.ERROR: Class "App\Http\Controllers\Slotlayer\EvoplayController" not found {"exception":"[object] (Error(code: 0): Class \"App\\Http\\Controllers\\Slotlayer\\EvoplayController\" not found at /bets/rdev1/www/app/Http/Controllers/Slotlayer/APIGameController.php:89)
[stacktrace]
#0 /bets/rdev1/www/vendor/laravel/framework/src/Illuminate/Routing/Controller.php(54): App\\Http\\Controllers\\Slotlayer\\APIGameController->gameURLRequest()
#1 /bets/rdev1/www/vendor/laravel/framework/src/Illuminate/Routing/ControllerDispatcher.php(45): Illuminate\\Routing\\Controller->callAction()
#2 /bets/rdev1/www/vendor/laravel/framework/src/Illuminate/Routing/Route.php(262): Illuminate\\Routing\\ControllerDispatcher->dispatch()
#3 /bets/rdev1/www/vendor/laravel/framework/src/Illuminate/Routing/Route.php(205): Illuminate\\Routing\\Route->runController()
#4 /bets/rdev1/www/vendor/laravel/framework/src/Illuminate/Routing/Router.php(721): Illuminate\\Routing\\Route->run()
#5 /bets/rdev1/www/vendor/laravel/framework/src/Illuminate/Pipeline/Pipeline.php(128): Illuminate\\Routing\\Router->Illuminate\\Routing\\{closure}()
#6 /bets/rdev1/www/vendor/laravel/framework/src/Illuminate/Routing/Middleware/SubstituteBindings.php(50): Illuminate\\Pipeline\\Pipeline->Illuminate\\Pipeline\\{closure}()
#7 /bets/rdev1/www/vendor/laravel/framework/src/Illuminate/Pipeline/Pipeline.php(167): Illuminate\\Routing\\Middleware\\SubstituteBindings->handle()
#8 /bets/rdev1/www/vendor/laravel/framework/src/Illuminate/Routing/Middleware/ThrottleRequests.php(127): Illuminate\\Pipeline\\Pipeline->Illuminate\\Pipeline\\{closure}()
#9 /bets/rdev1/www/vendor/laravel/framework/src/Illuminate/Routing/Middleware/ThrottleRequests.php(103): Illuminate\\Routing\\Middleware\\ThrottleRequests->handleRequest()
#10 /bets/rdev1/www/vendor/laravel/framework/src/Illuminate/Routing/Middleware/ThrottleRequests.php(55): Illuminate\\Routing\\Middleware\\ThrottleRequests->handleRequestUsingNamedLimiter()
#11 /bets/rdev1/www/vendor/laravel/framework/src/Illuminate/Pipeline/Pipeline.php(167): Illuminate\\Routing\\Middleware\\ThrottleRequests->handle()
#12 /bets/rdev1/www/vendor/specialtactics/l5-api/src/Http/Middleware/SnakeCaseInputParameterKeys.php(52): Illuminate\\Pipeline\\Pipeline->Illuminate\\Pipeline\\{closure}()
#13 /bets/rdev1/www/vendor/laravel/framework/src/Illuminate/Pipeline/Pipeline.php(167): Specialtactics\\L5Api\\Http\\Middleware\\SnakeCaseInputParameterKeys->handle()
#14 /bets/rdev1/www/vendor/api-ecosystem-for-laravel/dingo-api/src/Http/Middleware/PrepareController.php(43): Illuminate\\Pipeline\\Pipeline->Illuminate\\Pipeline\\{closure}()
#15 /bets/rdev1/www/vendor/laravel/framework/src/Illuminate/Pipeline/Pipeline.php(167): Dingo\\Api\\Http\\Middleware\\PrepareController->handle()
#16 /bets/rdev1/www/vendor/laravel/framework/src/Illuminate/Pipeline/Pipeline.php(103): Illuminate\\Pipeline\\Pipeline->Illuminate\\Pipeline\\{closure}()
#17 /bets/rdev1/www/vendor/laravel/framework/src/Illuminate/Routing/Router.php(723): Illuminate\\Pipeline\\Pipeline->then()
#18 /bets/rdev1/www/vendor/laravel/framework/src/Illuminate/Routing/Router.php(698): Illuminate\\Routing\\Router->runRouteWithinStack()
#19 /bets/rdev1/www/vendor/laravel/framework/src/Illuminate/Routing/Router.php(662): Illuminate\\Routing\\Router->runRoute()
#20 /bets/rdev1/www/vendor/laravel/framework/src/Illuminate/Routing/Router.php(651): Illuminate\\Routing\\Router->dispatchToRoute()
#21 /bets/rdev1/www/vendor/api-ecosystem-for-laravel/dingo-api/src/Routing/Adapter/Laravel.php(86): Illuminate\\Routing\\Router->dispatch()
#22 /bets/rdev1/www/vendor/api-ecosystem-for-laravel/dingo-api/src/Routing/Router.php(496): Dingo\\Api\\Routing\\Adapter\\Laravel->dispatch()
#23 /bets/rdev1/www/vendor/api-ecosystem-for-laravel/dingo-api/src/Http/Middleware/Request.php(123): Dingo\\Api\\Routing\\Router->dispatch()
#24 /bets/rdev1/www/vendor/laravel/framework/src/Illuminate/Pipeline/Pipeline.php(128): Dingo\\Api\\Http\\Middleware\\Request->Dingo\\Api\\Http\\Middleware\\{closure}()
#25 /bets/rdev1/www/vendor/laravel/framework/src/Illuminate/Foundation/Http/Middleware/TransformsRequest.php(21): Illuminate\\Pipeline\\Pipeline->Illuminate\\Pipeline\\{closure}()
#26 /bets/rdev1/www/vendor/laravel/framework/src/Illuminate/Foundation/Http/Middleware/ConvertEmptyStringsToNull.php(31): Illuminate\\Foundation\\Http\\Middleware\\TransformsRequest->handle()
#27 /bets/rdev1/www/vendor/laravel/framework/src/Illuminate/Pipeline/Pipeline.php(167): Illuminate\\Foundation\\Http\\Middleware\\ConvertEmptyStringsToNull->handle()
#28 /bets/rdev1/www/vendor/laravel/framework/src/Illuminate/Foundation/Http/Middleware/TransformsRequest.php(21): Illuminate\\Pipeline\\Pipeline->Illuminate\\Pipeline\\{closure}()
#29 /bets/rdev1/www/vendor/laravel/framework/src/Illuminate/Foundation/Http/Middleware/TrimStrings.php(40): Illuminate\\Foundation\\Http\\Middleware\\TransformsRequest->handle()
#30 /bets/rdev1/www/vendor/laravel/framework/src/Illuminate/Pipeline/Pipeline.php(167): Illuminate\\Foundation\\Http\\Middleware\\TrimStrings->handle()
#31 /bets/rdev1/www/vendor/laravel/framework/src/Illuminate/Foundation/Http/Middleware/ValidatePostSize.php(27): Illuminate\\Pipeline\\Pipeline->Illuminate\\Pipeline\\{closure}()
#32 /bets/rdev1/www/vendor/laravel/framework/src/Illuminate/Pipeline/Pipeline.php(167): Illuminate\\Foundation\\Http\\Middleware\\ValidatePostSize->handle()
#33 /bets/rdev1/www/vendor/laravel/framework/src/Illuminate/Foundation/Http/Middleware/PreventRequestsDuringMaintenance.php(86): Illuminate\\Pipeline\\Pipeline->Illuminate\\Pipeline\\{closure}()
#34 /bets/rdev1/www/vendor/laravel/framework/src/Illuminate/Pipeline/Pipeline.php(167): Illuminate\\Foundation\\Http\\Middleware\\PreventRequestsDuringMaintenance->handle()
#35 /bets/rdev1/www/vendor/fruitcake/laravel-cors/src/HandleCors.php(52): Illuminate\\Pipeline\\Pipeline->Illuminate\\Pipeline\\{closure}()
#36 /bets/rdev1/www/vendor/laravel/framework/src/Illuminate/Pipeline/Pipeline.php(167): Fruitcake\\Cors\\HandleCors->handle()
#37 /bets/rdev1/www/vendor/fideloper/proxy/src/TrustProxies.php(57): Illuminate\\Pipeline\\Pipeline->Illuminate\\Pipeline\\{closure}()
#38 /bets/rdev1/www/vendor/laravel/framework/src/Illuminate/Pipeline/Pipeline.php(167): Fideloper\\Proxy\\TrustProxies->handle()
#39 /bets/rdev1/www/vendor/laravel/framework/src/Illuminate/Pipeline/Pipeline.php(103): Illuminate\\Pipeline\\Pipeline->Illuminate\\Pipeline\\{closure}()
#40 /bets/rdev1/www/vendor/api-ecosystem-for-laravel/dingo-api/src/Http/Middleware/Request.php(124): Illuminate\\Pipeline\\Pipeline->then()
#41 /bets/rdev1/www/vendor/api-ecosystem-for-laravel/dingo-api/src/Http/Middleware/Request.php(101): Dingo\\Api\\Http\\Middleware\\Request->sendRequestThroughRouter()
#42 /bets/rdev1/www/vendor/laravel/framework/src/Illuminate/Pipeline/Pipeline.php(167): Dingo\\Api\\Http\\Middleware\\Request->handle()
#43 /bets/rdev1/www/vendor/laravel/framework/src/Illuminate/Pipeline/Pipeline.php(103): Illuminate\\Pipeline\\Pipeline->Illuminate\\Pipeline\\{closure}()
#44 /bets/rdev1/www/vendor/laravel/framework/src/Illuminate/Foundation/Http/Kernel.php(142): Illuminate\\Pipeline\\Pipeline->then()
#45 /bets/rdev1/www/vendor/laravel/framework/src/Illuminate/Foundation/Http/Kernel.php(111): Illuminate\\Foundation\\Http\\Kernel->sendRequestThroughRouter()
#46 /bets/rdev1/www/public/index.php(52): Illuminate\\Foundation\\Http\\Kernel->handle()
#47 {main}
"} 
[2022-06-16 00:14:32] local.ERROR: Class "App\Http\Controllers\Slotlayer\EvoplayController" not found {"exception":"[object] (Error(code: 0): Class \"App\\Http\\Controllers\\Slotlayer\\EvoplayController\" not found at /bets/rdev1/www/app/Http/Controllers/Slotlayer/APIGameController.php:89)
[stacktrace]
#0 /bets/rdev1/www/vendor/laravel/framework/src/Illuminate/Routing/Controller.php(54): App\\Http\\Controllers\\Slotlayer\\APIGameController->gameURLRequest()
#1 /bets/rdev1/www/vendor/laravel/framework/src/Illuminate/Routing/ControllerDispatcher.php(45): Illuminate\\Routing\\Controller->callAction()
#2 /bets/rdev1/www/vendor/laravel/framework/src/Illuminate/Routing/Route.php(262): Illuminate\\Routing\\ControllerDispatcher->dispatch()
#3 /bets/rdev1/www/vendor/laravel/framework/src/Illuminate/Routing/Route.php(205): Illuminate\\Routing\\Route->runController()
#4 /bets/rdev1/www/vendor/laravel/framework/src/Illuminate/Routing/Router.php(721): Illuminate\\Routing\\Route->run()
#5 /bets/rdev1/www/vendor/laravel/framework/src/Illuminate/Pipeline/Pipeline.php(128): Illuminate\\Routing\\Router->Illuminate\\Routing\\{closure}()
#6 /bets/rdev1/www/vendor/laravel/framework/src/Illuminate/Routing/Middleware/SubstituteBindings.php(50): Illuminate\\Pipeline\\Pipeline->Illuminate\\Pipeline\\{closure}()
#7 /bets/rdev1/www/vendor/laravel/framework/src/Illuminate/Pipeline/Pipeline.php(167): Illuminate\\Routing\\Middleware\\SubstituteBindings->handle()
#8 /bets/rdev1/www/vendor/laravel/framework/src/Illuminate/Routing/Middleware/ThrottleRequests.php(127): Illuminate\\Pipeline\\Pipeline->Illuminate\\Pipeline\\{closure}()
#9 /bets/rdev1/www/vendor/laravel/framework/src/Illuminate/Routing/Middleware/ThrottleRequests.php(103): Illuminate\\Routing\\Middleware\\ThrottleRequests->handleRequest()
#10 /bets/rdev1/www/vendor/laravel/framework/src/Illuminate/Routing/Middleware/ThrottleRequests.php(55): Illuminate\\Routing\\Middleware\\ThrottleRequests->handleRequestUsingNamedLimiter()
#11 /bets/rdev1/www/vendor/laravel/framework/src/Illuminate/Pipeline/Pipeline.php(167): Illuminate\\Routing\\Middleware\\ThrottleRequests->handle()
#12 /bets/rdev1/www/vendor/specialtactics/l5-api/src/Http/Middleware/SnakeCaseInputParameterKeys.php(52): Illuminate\\Pipeline\\Pipeline->Illuminate\\Pipeline\\{closure}()
#13 /bets/rdev1/www/vendor/laravel/framework/src/Illuminate/Pipeline/Pipeline.php(167): Specialtactics\\L5Api\\Http\\Middleware\\SnakeCaseInputParameterKeys->handle()
#14 /bets/rdev1/www/vendor/api-ecosystem-for-laravel/dingo-api/src/Http/Middleware/PrepareController.php(43): Illuminate\\Pipeline\\Pipeline->Illuminate\\Pipeline\\{closure}()
#15 /bets/rdev1/www/vendor/laravel/framework/src/Illuminate/Pipeline/Pipeline.php(167): Dingo\\Api\\Http\\Middleware\\PrepareController->handle()
#16 /bets/rdev1/www/vendor/laravel/framework/src/Illuminate/Pipeline/Pipeline.php(103): Illuminate\\Pipeline\\Pipeline->Illuminate\\Pipeline\\{closure}()
#17 /bets/rdev1/www/vendor/laravel/framework/src/Illuminate/Routing/Router.php(723): Illuminate\\Pipeline\\Pipeline->then()
#18 /bets/rdev1/www/vendor/laravel/framework/src/Illuminate/Routing/Router.php(698): Illuminate\\Routing\\Router->runRouteWithinStack()
#19 /bets/rdev1/www/vendor/laravel/framework/src/Illuminate/Routing/Router.php(662): Illuminate\\Routing\\Router->runRoute()
#20 /bets/rdev1/www/vendor/laravel/framework/src/Illuminate/Routing/Router.php(651): Illuminate\\Routing\\Router->dispatchToRoute()
#21 /bets/rdev1/www/vendor/api-ecosystem-for-laravel/dingo-api/src/Routing/Adapter/Laravel.php(86): Illuminate\\Routing\\Router->dispatch()
#22 /bets/rdev1/www/vendor/api-ecosystem-for-laravel/dingo-api/src/Routing/Router.php(496): Dingo\\Api\\Routing\\Adapter\\Laravel->dispatch()
#23 /bets/rdev1/www/vendor/api-ecosystem-for-laravel/dingo-api/src/Http/Middleware/Request.php(123): Dingo\\Api\\Routing\\Router->dispatch()
#24 /bets/rdev1/www/vendor/laravel/framework/src/Illuminate/Pipeline/Pipeline.php(128): Dingo\\Api\\Http\\Middleware\\Request->Dingo\\Api\\Http\\Middleware\\{closure}()
#25 /bets/rdev1/www/vendor/laravel/framework/src/Illuminate/Foundation/Http/Middleware/TransformsRequest.php(21): Illuminate\\Pipeline\\Pipeline->Illuminate\\Pipeline\\{closure}()
#26 /bets/rdev1/www/vendor/laravel/framework/src/Illuminate/Foundation/Http/Middleware/ConvertEmptyStringsToNull.php(31): Illuminate\\Foundation\\Http\\Middleware\\TransformsRequest->handle()
#27 /bets/rdev1/www/vendor/laravel/framework/src/Illuminate/Pipeline/Pipeline.php(167): Illuminate\\Foundation\\Http\\Middleware\\ConvertEmptyStringsToNull->handle()
#28 /bets/rdev1/www/vendor/laravel/framework/src/Illuminate/Foundation/Http/Middleware/TransformsRequest.php(21): Illuminate\\Pipeline\\Pipeline->Illuminate\\Pipeline\\{closure}()
#29 /bets/rdev1/www/vendor/laravel/framework/src/Illuminate/Foundation/Http/Middleware/TrimStrings.php(40): Illuminate\\Foundation\\Http\\Middleware\\TransformsRequest->handle()
#30 /bets/rdev1/www/vendor/laravel/framework/src/Illuminate/Pipeline/Pipeline.php(167): Illuminate\\Foundation\\Http\\Middleware\\TrimStrings->handle()
#31 /bets/rdev1/www/vendor/laravel/framework/src/Illuminate/Foundation/Http/Middleware/ValidatePostSize.php(27): Illuminate\\Pipeline\\Pipeline->Illuminate\\Pipeline\\{closure}()
#32 /bets/rdev1/www/vendor/laravel/framework/src/Illuminate/Pipeline/Pipeline.php(167): Illuminate\\Foundation\\Http\\Middleware\\ValidatePostSize->handle()
#33 /bets/rdev1/www/vendor/laravel/framework/src/Illuminate/Foundation/Http/Middleware/PreventRequestsDuringMaintenance.php(86): Illuminate\\Pipeline\\Pipeline->Illuminate\\Pipeline\\{closure}()
#34 /bets/rdev1/www/vendor/laravel/framework/src/Illuminate/Pipeline/Pipeline.php(167): Illuminate\\Foundation\\Http\\Middleware\\PreventRequestsDuringMaintenance->handle()
#35 /bets/rdev1/www/vendor/fruitcake/laravel-cors/src/HandleCors.php(52): Illuminate\\Pipeline\\Pipeline->Illuminate\\Pipeline\\{closure}()
#36 /bets/rdev1/www/vendor/laravel/framework/src/Illuminate/Pipeline/Pipeline.php(167): Fruitcake\\Cors\\HandleCors->handle()
#37 /bets/rdev1/www/vendor/fideloper/proxy/src/TrustProxies.php(57): Illuminate\\Pipeline\\Pipeline->Illuminate\\Pipeline\\{closure}()
#38 /bets/rdev1/www/vendor/laravel/framework/src/Illuminate/Pipeline/Pipeline.php(167): Fideloper\\Proxy\\TrustProxies->handle()
#39 /bets/rdev1/www/vendor/laravel/framework/src/Illuminate/Pipeline/Pipeline.php(103): Illuminate\\Pipeline\\Pipeline->Illuminate\\Pipeline\\{closure}()
#40 /bets/rdev1/www/vendor/api-ecosystem-for-laravel/dingo-api/src/Http/Middleware/Request.php(124): Illuminate\\Pipeline\\Pipeline->then()
#41 /bets/rdev1/www/vendor/api-ecosystem-for-laravel/dingo-api/src/Http/Middleware/Request.php(101): Dingo\\Api\\Http\\Middleware\\Request->sendRequestThroughRouter()
#42 /bets/rdev1/www/vendor/laravel/framework/src/Illuminate/Pipeline/Pipeline.php(167): Dingo\\Api\\Http\\Middleware\\Request->handle()
#43 /bets/rdev1/www/vendor/laravel/framework/src/Illuminate/Pipeline/Pipeline.php(103): Illuminate\\Pipeline\\Pipeline->Illuminate\\Pipeline\\{closure}()
#44 /bets/rdev1/www/vendor/laravel/framework/src/Illuminate/Foundation/Http/Kernel.php(142): Illuminate\\Pipeline\\Pipeline->then()
#45 /bets/rdev1/www/vendor/laravel/framework/src/Illuminate/Foundation/Http/Kernel.php(111): Illuminate\\Foundation\\Http\\Kernel->sendRequestThroughRouter()
#46 /bets/rdev1/www/public/index.php(52): Illuminate\\Foundation\\Http\\Kernel->handle()
#47 {main}
"} 
[2022-06-16 00:14:35] local.ERROR: Class "App\Http\Controllers\Slotlayer\EvoplayController" not found {"exception":"[object] (Error(code: 0): Class \"App\\Http\\Controllers\\Slotlayer\\EvoplayController\" not found at /bets/rdev1/www/app/Http/Controllers/Slotlayer/APIGameController.php:89)
[stacktrace]
#0 /bets/rdev1/www/vendor/laravel/framework/src/Illuminate/Routing/Controller.php(54): App\\Http\\Controllers\\Slotlayer\\APIGameController->gameURLRequest()
#1 /bets/rdev1/www/vendor/laravel/framework/src/Illuminate/Routing/ControllerDispatcher.php(45): Illuminate\\Routing\\Controller->callAction()
#2 /bets/rdev1/www/vendor/laravel/framework/src/Illuminate/Routing/Route.php(262): Illuminate\\Routing\\ControllerDispatcher->dispatch()
#3 /bets/rdev1/www/vendor/laravel/framework/src/Illuminate/Routing/Route.php(205): Illuminate\\Routing\\Route->runController()
#4 /bets/rdev1/www/vendor/laravel/framework/src/Illuminate/Routing/Router.php(721): Illuminate\\Routing\\Route->run()
#5 /bets/rdev1/www/vendor/laravel/framework/src/Illuminate/Pipeline/Pipeline.php(128): Illuminate\\Routing\\Router->Illuminate\\Routing\\{closure}()
#6 /bets/rdev1/www/vendor/laravel/framework/src/Illuminate/Routing/Middleware/SubstituteBindings.php(50): Illuminate\\Pipeline\\Pipeline->Illuminate\\Pipeline\\{closure}()
#7 /bets/rdev1/www/vendor/laravel/framework/src/Illuminate/Pipeline/Pipeline.php(167): Illuminate\\Routing\\Middleware\\SubstituteBindings->handle()
#8 /bets/rdev1/www/vendor/laravel/framework/src/Illuminate/Routing/Middleware/ThrottleRequests.php(127): Illuminate\\Pipeline\\Pipeline->Illuminate\\Pipeline\\{closure}()
#9 /bets/rdev1/www/vendor/laravel/framework/src/Illuminate/Routing/Middleware/ThrottleRequests.php(103): Illuminate\\Routing\\Middleware\\ThrottleRequests->handleRequest()
#10 /bets/rdev1/www/vendor/laravel/framework/src/Illuminate/Routing/Middleware/ThrottleRequests.php(55): Illuminate\\Routing\\Middleware\\ThrottleRequests->handleRequestUsingNamedLimiter()
#11 /bets/rdev1/www/vendor/laravel/framework/src/Illuminate/Pipeline/Pipeline.php(167): Illuminate\\Routing\\Middleware\\ThrottleRequests->handle()
#12 /bets/rdev1/www/vendor/specialtactics/l5-api/src/Http/Middleware/SnakeCaseInputParameterKeys.php(52): Illuminate\\Pipeline\\Pipeline->Illuminate\\Pipeline\\{closure}()
#13 /bets/rdev1/www/vendor/laravel/framework/src/Illuminate/Pipeline/Pipeline.php(167): Specialtactics\\L5Api\\Http\\Middleware\\SnakeCaseInputParameterKeys->handle()
#14 /bets/rdev1/www/vendor/api-ecosystem-for-laravel/dingo-api/src/Http/Middleware/PrepareController.php(43): Illuminate\\Pipeline\\Pipeline->Illuminate\\Pipeline\\{closure}()
#15 /bets/rdev1/www/vendor/laravel/framework/src/Illuminate/Pipeline/Pipeline.php(167): Dingo\\Api\\Http\\Middleware\\PrepareController->handle()
#16 /bets/rdev1/www/vendor/laravel/framework/src/Illuminate/Pipeline/Pipeline.php(103): Illuminate\\Pipeline\\Pipeline->Illuminate\\Pipeline\\{closure}()
#17 /bets/rdev1/www/vendor/laravel/framework/src/Illuminate/Routing/Router.php(723): Illuminate\\Pipeline\\Pipeline->then()
#18 /bets/rdev1/www/vendor/laravel/framework/src/Illuminate/Routing/Router.php(698): Illuminate\\Routing\\Router->runRouteWithinStack()
#19 /bets/rdev1/www/vendor/laravel/framework/src/Illuminate/Routing/Router.php(662): Illuminate\\Routing\\Router->runRoute()
#20 /bets/rdev1/www/vendor/laravel/framework/src/Illuminate/Routing/Router.php(651): Illuminate\\Routing\\Router->dispatchToRoute()
#21 /bets/rdev1/www/vendor/api-ecosystem-for-laravel/dingo-api/src/Routing/Adapter/Laravel.php(86): Illuminate\\Routing\\Router->dispatch()
#22 /bets/rdev1/www/vendor/api-ecosystem-for-laravel/dingo-api/src/Routing/Router.php(496): Dingo\\Api\\Routing\\Adapter\\Laravel->dispatch()
#23 /bets/rdev1/www/vendor/api-ecosystem-for-laravel/dingo-api/src/Http/Middleware/Request.php(123): Dingo\\Api\\Routing\\Router->dispatch()
#24 /bets/rdev1/www/vendor/laravel/framework/src/Illuminate/Pipeline/Pipeline.php(128): Dingo\\Api\\Http\\Middleware\\Request->Dingo\\Api\\Http\\Middleware\\{closure}()
#25 /bets/rdev1/www/vendor/laravel/framework/src/Illuminate/Foundation/Http/Middleware/TransformsRequest.php(21): Illuminate\\Pipeline\\Pipeline->Illuminate\\Pipeline\\{closure}()
#26 /bets/rdev1/www/vendor/laravel/framework/src/Illuminate/Foundation/Http/Middleware/ConvertEmptyStringsToNull.php(31): Illuminate\\Foundation\\Http\\Middleware\\TransformsRequest->handle()
#27 /bets/rdev1/www/vendor/laravel/framework/src/Illuminate/Pipeline/Pipeline.php(167): Illuminate\\Foundation\\Http\\Middleware\\ConvertEmptyStringsToNull->handle()
#28 /bets/rdev1/www/vendor/laravel/framework/src/Illuminate/Foundation/Http/Middleware/TransformsRequest.php(21): Illuminate\\Pipeline\\Pipeline->Illuminate\\Pipeline\\{closure}()
#29 /bets/rdev1/www/vendor/laravel/framework/src/Illuminate/Foundation/Http/Middleware/TrimStrings.php(40): Illuminate\\Foundation\\Http\\Middleware\\TransformsRequest->handle()
#30 /bets/rdev1/www/vendor/laravel/framework/src/Illuminate/Pipeline/Pipeline.php(167): Illuminate\\Foundation\\Http\\Middleware\\TrimStrings->handle()
#31 /bets/rdev1/www/vendor/laravel/framework/src/Illuminate/Foundation/Http/Middleware/ValidatePostSize.php(27): Illuminate\\Pipeline\\Pipeline->Illuminate\\Pipeline\\{closure}()
#32 /bets/rdev1/www/vendor/laravel/framework/src/Illuminate/Pipeline/Pipeline.php(167): Illuminate\\Foundation\\Http\\Middleware\\ValidatePostSize->handle()
#33 /bets/rdev1/www/vendor/laravel/framework/src/Illuminate/Foundation/Http/Middleware/PreventRequestsDuringMaintenance.php(86): Illuminate\\Pipeline\\Pipeline->Illuminate\\Pipeline\\{closure}()
#34 /bets/rdev1/www/vendor/laravel/framework/src/Illuminate/Pipeline/Pipeline.php(167): Illuminate\\Foundation\\Http\\Middleware\\PreventRequestsDuringMaintenance->handle()
#35 /bets/rdev1/www/vendor/fruitcake/laravel-cors/src/HandleCors.php(52): Illuminate\\Pipeline\\Pipeline->Illuminate\\Pipeline\\{closure}()
#36 /bets/rdev1/www/vendor/laravel/framework/src/Illuminate/Pipeline/Pipeline.php(167): Fruitcake\\Cors\\HandleCors->handle()
#37 /bets/rdev1/www/vendor/fideloper/proxy/src/TrustProxies.php(57): Illuminate\\Pipeline\\Pipeline->Illuminate\\Pipeline\\{closure}()
#38 /bets/rdev1/www/vendor/laravel/framework/src/Illuminate/Pipeline/Pipeline.php(167): Fideloper\\Proxy\\TrustProxies->handle()
#39 /bets/rdev1/www/vendor/laravel/framework/src/Illuminate/Pipeline/Pipeline.php(103): Illuminate\\Pipeline\\Pipeline->Illuminate\\Pipeline\\{closure}()
#40 /bets/rdev1/www/vendor/api-ecosystem-for-laravel/dingo-api/src/Http/Middleware/Request.php(124): Illuminate\\Pipeline\\Pipeline->then()
#41 /bets/rdev1/www/vendor/api-ecosystem-for-laravel/dingo-api/src/Http/Middleware/Request.php(101): Dingo\\Api\\Http\\Middleware\\Request->sendRequestThroughRouter()
#42 /bets/rdev1/www/vendor/laravel/framework/src/Illuminate/Pipeline/Pipeline.php(167): Dingo\\Api\\Http\\Middleware\\Request->handle()
#43 /bets/rdev1/www/vendor/laravel/framework/src/Illuminate/Pipeline/Pipeline.php(103): Illuminate\\Pipeline\\Pipeline->Illuminate\\Pipeline\\{closure}()
#44 /bets/rdev1/www/vendor/laravel/framework/src/Illuminate/Foundation/Http/Kernel.php(142): Illuminate\\Pipeline\\Pipeline->then()
#45 /bets/rdev1/www/vendor/laravel/framework/src/Illuminate/Foundation/Http/Kernel.php(111): Illuminate\\Foundation\\Http\\Kernel->sendRequestThroughRouter()
#46 /bets/rdev1/www/public/index.php(52): Illuminate\\Foundation\\Http\\Kernel->handle()
#47 {main}
"} 
